<?xml version="1.0" encoding="UTF-8"?>
<Site BuildName="Linux-g++"
	BuildStamp="20260318-1750-Experimental"
	Name="Tars"
	Generator="ctest-3.28.3"
	CompilerName="/usr/bin/g++"
	CompilerVersion="13.3.0"
	OSName="Linux"
	Hostname="Tars"
	OSRelease="6.17.0-19-generic"
	OSVersion="#19~24.04.2-Ubuntu SMP PREEMPT_DYNAMIC Fri Mar  6 23:08:46 UTC 2"
	OSPlatform="x86_64"
	Is64Bits="1"
	VendorString="GenuineIntel"
	VendorID="Intel Corporation"
	FamilyID="6"
	ModelID="158"
	ProcessorCacheSize="8192"
	NumberOfLogicalCPU="8"
	NumberOfPhysicalCPU="4"
	TotalVirtualMemory="3814"
	TotalPhysicalMemory="23887"
	LogicalProcessorsPerPhysical="2"
	ProcessorClockFrequency="2300.01"
	>
	<Testing>
		<StartDateTime>Mar 18 18:53 CET</StartDateTime>
		<StartTestTime>1773856435</StartTestTime>
		<TestList/>
		<EndDateTime>Mar 18 18:53 CET</EndDateTime>
		<EndTestTime>1773856435</EndTestTime>
		<ElapsedMinutes>0</ElapsedMinutes>
	</Testing>
</Site>
